2016-05-28 10:31:59 |  ErrInfo: invalid data source name 
2016-05-28 11:28:37 |  The result is empty, The sql word is :: SELECT name,userpass FROM  WHERE  name='merjiezo' AND userpass='7c4a8d09ca3762af61e59520943dc26494f8941b' 2016-05-28 11:33:32 ::  The result is empty, The sql word is :: SELECT name,userpass FROM  WHERE  name='merjiezo' AND userpass='7c4a8d09ca3762af61e59520943dc26494f8941b' 
2016-05-28 11:34:23 ::  The result is empty, The sql word is :: SELECT name,userpass FROM  WHERE  name='merjiezo' AND userpass='7c4a8d09ca3762af61e59520943dc26494f8941b' 
2016-05-28 11:38:39 ::  The result is empty, The sql word is :: SELECT name,userpass FROM Users WHERE  name='' AND userpass='da39a3ee5e6b4b0d3255bfef95601890afd80709' 
2016-05-28 11:50:37 ::  The result is empty, The sql word is :: SELECT * FROM Users WHERE  name='' AND userpass='da39a3ee5e6b4b0d3255bfef95601890afd80709' 
2016-05-28 13:00:34 ::  The result is empty, The sql word is :: SELECT * FROM Users WHERE  name='' AND userpass='da39a3ee5e6b4b0d3255bfef95601890afd80709' 
2016-05-28 14:10:45 ::  The result is empty, The sql word is :: SELECT * FROM Users WHERE  name='' AND userpass='da39a3ee5e6b4b0d3255bfef95601890afd80709' 
2016-05-28 14:10:46 ::  The result is empty, The sql word is :: SELECT * FROM Users WHERE  name='' AND userpass='da39a3ee5e6b4b0d3255bfef95601890afd80709' 
2016-05-28 14:17:41 ::  The result is empty, The sql word is :: SELECT * FROM Users WHERE  name='' AND userpass='da39a3ee5e6b4b0d3255bfef95601890afd80709' 
2016-05-28 14:21:57 ::  The result is empty, The sql word is :: SELECT * FROM Users WHERE  name='' AND userpass='da39a3ee5e6b4b0d3255bfef95601890afd80709' 
2016-05-28 14:22:26 ::  The result is empty, The sql word is :: SELECT * FROM Users WHERE  name='' AND userpass='da39a3ee5e6b4b0d3255bfef95601890afd80709' 
2016-05-28 14:22:56 ::  The result is empty, The sql word is :: SELECT * FROM Users WHERE  name='' AND userpass='da39a3ee5e6b4b0d3255bfef95601890afd80709' 
2016-05-28 14:23:34 ::  The result is empty, The sql word is :: SELECT * FROM Users WHERE  name='' AND userpass='da39a3ee5e6b4b0d3255bfef95601890afd80709' 
2016-05-28 14:24:05 ::  The result is empty, The sql word is :: SELECT * FROM Users WHERE  name='' AND userpass='da39a3ee5e6b4b0d3255bfef95601890afd80709' 
2016-05-28 14:24:30 ::  The result is empty, The sql word is :: SELECT * FROM Users WHERE  name='' AND userpass='da39a3ee5e6b4b0d3255bfef95601890afd80709' 
2016-05-28 14:25:25 ::  The result is empty, The sql word is :: SELECT * FROM Users WHERE  name='' AND userpass='da39a3ee5e6b4b0d3255bfef95601890afd80709' 
2016-05-28 14:25:53 ::  The result is empty, The sql word is :: SELECT * FROM Users WHERE  name='q' AND userpass='22ea1c649c82946aa6e479e1ffd321e4a318b1b0' 
2016-05-28 15:37:55 ::  The result is empty, The sql word is :: SELECT * FROM Users WHERE  name='' AND userpass='da39a3ee5e6b4b0d3255bfef95601890afd80709' 
2016-05-28 15:37:56 ::  The result is empty, The sql word is :: SELECT * FROM Users WHERE  name='' AND userpass='da39a3ee5e6b4b0d3255bfef95601890afd80709' 
2016-05-28 15:37:57 ::  The result is empty, The sql word is :: SELECT * FROM Users WHERE  name='' AND userpass='da39a3ee5e6b4b0d3255bfef95601890afd80709' 
2016-05-28 15:37:57 ::  The result is empty, The sql word is :: SELECT * FROM Users WHERE  name='' AND userpass='da39a3ee5e6b4b0d3255bfef95601890afd80709' 
2016-05-28 15:37:58 ::  The result is empty, The sql word is :: SELECT * FROM Users WHERE  name='' AND userpass='da39a3ee5e6b4b0d3255bfef95601890afd80709' 
2016-05-28 15:37:58 ::  The result is empty, The sql word is :: SELECT * FROM Users WHERE  name='' AND userpass='da39a3ee5e6b4b0d3255bfef95601890afd80709' 
2016-05-28 15:37:58 ::  The result is empty, The sql word is :: SELECT * FROM Users WHERE  name='' AND userpass='da39a3ee5e6b4b0d3255bfef95601890afd80709' 
2016-05-28 15:37:59 ::  The result is empty, The sql word is :: SELECT * FROM Users WHERE  name='' AND userpass='da39a3ee5e6b4b0d3255bfef95601890afd80709' 
2016-05-28 15:37:59 ::  The result is empty, The sql word is :: SELECT * FROM Users WHERE  name='' AND userpass='da39a3ee5e6b4b0d3255bfef95601890afd80709' 
2016-05-28 15:38:07 ::  The result is empty, The sql word is :: SELECT * FROM Users WHERE  name='' AND userpass='da39a3ee5e6b4b0d3255bfef95601890afd80709' 
2016-05-28 15:38:07 ::  The result is empty, The sql word is :: SELECT * FROM Users WHERE  name='' AND userpass='da39a3ee5e6b4b0d3255bfef95601890afd80709' 
2016-05-28 15:38:09 ::  The result is empty, The sql word is :: SELECT * FROM Users WHERE  name='' AND userpass='da39a3ee5e6b4b0d3255bfef95601890afd80709' 
2016-05-28 15:38:09 ::  The result is empty, The sql word is :: SELECT * FROM Users WHERE  name='' AND userpass='da39a3ee5e6b4b0d3255bfef95601890afd80709' 
2016-05-28 15:38:09 ::  The result is empty, The sql word is :: SELECT * FROM Users WHERE  name='' AND userpass='da39a3ee5e6b4b0d3255bfef95601890afd80709' 
2016-05-28 15:38:09 ::  The result is empty, The sql word is :: SELECT * FROM Users WHERE  name='' AND userpass='da39a3ee5e6b4b0d3255bfef95601890afd80709' 
2016-05-28 16:07:00 ::  The result is empty, The sql word is :: SELECT * FROM Users WHERE  name='' AND userpass='da39a3ee5e6b4b0d3255bfef95601890afd80709' 
2016-05-28 16:07:00 ::  The result is empty, The sql word is :: SELECT * FROM Users WHERE  name='' AND userpass='da39a3ee5e6b4b0d3255bfef95601890afd80709' 
2016-05-28 16:07:01 ::  The result is empty, The sql word is :: SELECT * FROM Users WHERE  name='' AND userpass='da39a3ee5e6b4b0d3255bfef95601890afd80709' 
2016-05-28 16:07:02 ::  The result is empty, The sql word is :: SELECT * FROM Users WHERE  name='' AND userpass='da39a3ee5e6b4b0d3255bfef95601890afd80709' 
2016-05-28 16:07:02 ::  The result is empty, The sql word is :: SELECT * FROM Users WHERE  name='' AND userpass='da39a3ee5e6b4b0d3255bfef95601890afd80709' 
2016-05-28 16:07:02 ::  The result is empty, The sql word is :: SELECT * FROM Users WHERE  name='' AND userpass='da39a3ee5e6b4b0d3255bfef95601890afd80709' 
2016-05-29 11:09:15 ::  The result is empty, The sql word is :: SELECT * FROM Users WHERE  name='' AND userpass='da39a3ee5e6b4b0d3255bfef95601890afd80709' 
2016-05-29 11:09:16 ::  The result is empty, The sql word is :: SELECT * FROM Users WHERE  name='' AND userpass='da39a3ee5e6b4b0d3255bfef95601890afd80709' 
2016-05-29 11:09:17 ::  The result is empty, The sql word is :: SELECT * FROM Users WHERE  name='' AND userpass='da39a3ee5e6b4b0d3255bfef95601890afd80709' 
2016-05-29 11:09:17 ::  The result is empty, The sql word is :: SELECT * FROM Users WHERE  name='' AND userpass='da39a3ee5e6b4b0d3255bfef95601890afd80709' 
2016-05-29 11:09:17 ::  The result is empty, The sql word is :: SELECT * FROM Users WHERE  name='' AND userpass='da39a3ee5e6b4b0d3255bfef95601890afd80709' 
2016-05-30 09:35:13 ::  The result is empty, The sql word is :: SELECT * FROM Users WHERE  name='' AND userpass='da39a3ee5e6b4b0d3255bfef95601890afd80709' 
2016-05-30 09:35:15 ::  The result is empty, The sql word is :: SELECT * FROM Users WHERE  name='' AND userpass='da39a3ee5e6b4b0d3255bfef95601890afd80709' 
2016-05-30 09:36:32 ::  The result is empty, The sql word is :: SELECT * FROM Users WHERE  name='' AND userpass='da39a3ee5e6b4b0d3255bfef95601890afd80709' 
2016-05-30 22:08:52 ::  The result is empty, The sql word is :: SELECT * FROM Users WHERE  name='' AND userpass='da39a3ee5e6b4b0d3255bfef95601890afd80709' 
2016-05-30 22:08:52 ::  The result is empty, The sql word is :: SELECT * FROM Users WHERE  name='' AND userpass='da39a3ee5e6b4b0d3255bfef95601890afd80709' 
2016-05-30 22:08:53 ::  The result is empty, The sql word is :: SELECT * FROM Users WHERE  name='' AND userpass='da39a3ee5e6b4b0d3255bfef95601890afd80709' 
2016-06-01 09:08:46 ::  The result is empty, The sql word is :: SELECT * FROM Users WHERE  name='' AND userpass='da39a3ee5e6b4b0d3255bfef95601890afd80709' 
2016-06-01 09:08:47 ::  The result is empty, The sql word is :: SELECT * FROM Users WHERE  name='' AND userpass='da39a3ee5e6b4b0d3255bfef95601890afd80709' 
2016-06-01 09:08:47 ::  The result is empty, The sql word is :: SELECT * FROM Users WHERE  name='' AND userpass='da39a3ee5e6b4b0d3255bfef95601890afd80709' 
2016-06-01 09:08:47 ::  The result is empty, The sql word is :: SELECT * FROM Users WHERE  name='' AND userpass='da39a3ee5e6b4b0d3255bfef95601890afd80709' 
2016-06-01 09:08:48 ::  The result is empty, The sql word is :: SELECT * FROM Users WHERE  name='' AND userpass='da39a3ee5e6b4b0d3255bfef95601890afd80709' 
2016-06-01 09:08:49 ::  The result is empty, The sql word is :: SELECT * FROM Users WHERE  name='' AND userpass='da39a3ee5e6b4b0d3255bfef95601890afd80709' 
2016-06-01 09:08:49 ::  The result is empty, The sql word is :: SELECT * FROM Users WHERE  name='' AND userpass='da39a3ee5e6b4b0d3255bfef95601890afd80709' 
2016-06-01 22:03:00 ::  The result is empty, The sql word is :: SELECT * FROM Users WHERE  name='' AND userpass='da39a3ee5e6b4b0d3255bfef95601890afd80709' 
2016-06-01 22:03:00 ::  The result is empty, The sql word is :: SELECT * FROM Users WHERE  name='' AND userpass='da39a3ee5e6b4b0d3255bfef95601890afd80709' 
2016-06-01 22:03:01 ::  The result is empty, The sql word is :: SELECT * FROM Users WHERE  name='' AND userpass='da39a3ee5e6b4b0d3255bfef95601890afd80709' 
2016-06-01 22:03:01 ::  The result is empty, The sql word is :: SELECT * FROM Users WHERE  name='' AND userpass='da39a3ee5e6b4b0d3255bfef95601890afd80709' 
2016-06-01 22:03:01 ::  The result is empty, The sql word is :: SELECT * FROM Users WHERE  name='' AND userpass='da39a3ee5e6b4b0d3255bfef95601890afd80709' 
2016-06-01 22:03:02 ::  The result is empty, The sql word is :: SELECT * FROM Users WHERE  name='' AND userpass='da39a3ee5e6b4b0d3255bfef95601890afd80709' 
2016-06-02 13:00:32 ::  The result is empty, The sql word is :: SELECT * FROM Users WHERE  name='' AND userpass='da39a3ee5e6b4b0d3255bfef95601890afd80709' 
2016-06-02 13:00:33 ::  The result is empty, The sql word is :: SELECT * FROM Users WHERE  name='' AND userpass='da39a3ee5e6b4b0d3255bfef95601890afd80709' 
2016-06-02 13:00:33 ::  The result is empty, The sql word is :: SELECT * FROM Users WHERE  name='' AND userpass='da39a3ee5e6b4b0d3255bfef95601890afd80709' 
2016-06-02 13:00:33 ::  The result is empty, The sql word is :: SELECT * FROM Users WHERE  name='' AND userpass='da39a3ee5e6b4b0d3255bfef95601890afd80709' 
2016-06-02 13:00:34 ::  The result is empty, The sql word is :: SELECT * FROM Users WHERE  name='' AND userpass='da39a3ee5e6b4b0d3255bfef95601890afd80709' 
2016-06-02 14:28:38 ::  exception 'PDOException' with message 'DB Error::Fail to change the database!!  The sql is: ' in /Applications/MAMP/htdocs/store/lib/db/Command.php:117
Stack trace:
#0 /Applications/MAMP/htdocs/store/lib/db/Command.php(50): Command->transction()
#1 /Applications/MAMP/htdocs/store/lib/base/MModel.php(66): Command->insertSomeVal('Inquiry', Array, Array)
#2 /Applications/MAMP/htdocs/store/models/Inquiry.php(33): MModel->insertNum(Array, Array)
#3 /Applications/MAMP/htdocs/store/Controller/AjaxController.php(103): Inquiry->InsertGoods(Array)
#4 /Applications/MAMP/htdocs/store/lib/base/Router.php(48): AjaxController->RouterInsertGoods()
#5 /Applications/MAMP/htdocs/store/index.php(8): Router->getControllerFactory()
#6 {main} 
2016-06-02 14:29:24 ::  exception 'PDOException' with message 'DB Error::Fail to change the database!!  The sql is: ' in /Applications/MAMP/htdocs/store/lib/db/Command.php:118
Stack trace:
#0 /Applications/MAMP/htdocs/store/lib/db/Command.php(51): Command->transction()
#1 /Applications/MAMP/htdocs/store/lib/base/MModel.php(66): Command->insertSomeVal('Inquiry', Array, Array)
#2 /Applications/MAMP/htdocs/store/models/Inquiry.php(33): MModel->insertNum(Array, Array)
#3 /Applications/MAMP/htdocs/store/Controller/AjaxController.php(103): Inquiry->InsertGoods(Array)
#4 /Applications/MAMP/htdocs/store/lib/base/Router.php(48): AjaxController->RouterInsertGoods()
#5 /Applications/MAMP/htdocs/store/index.php(8): Router->getControllerFactory()
#6 {main} 
2016-06-02 14:30:22 ::  The result is empty, The sql word is :: SELECT stock_id,bar_code FROM shelvies WHERE  status='' 
2016-06-02 14:32:42 ::  The result is empty, The sql word is :: SELECT stock_id,bar_code FROM shelvies WHERE  status='1' 
2016-06-02 14:33:53 ::  The result is empty, The sql word is :: SELECT stock_id,bar_code FROM shelvies WHERE  status='1' 
2016-06-03 09:39:42 ::  The result is empty, The sql word is :: SELECT * FROM Users WHERE  name='' AND userpass='da39a3ee5e6b4b0d3255bfef95601890afd80709' 
2016-06-03 09:40:21 ::  exception 'PDOException' with message 'DB Error::Fail to change the database!!  The sql is: INSERT INTO Shelvies  (`letter`,`num`,`time`,`size`) VALUE ('A','5','2016-06-03','1')' in /Applications/MAMP/htdocs/store/lib/db/Command.php:117
Stack trace:
#0 /Applications/MAMP/htdocs/store/lib/db/Command.php(44): Command->transction()
#1 /Applications/MAMP/htdocs/store/lib/base/MModel.php(59): Command->insert('Shelvies', Array)
#2 /Applications/MAMP/htdocs/store/models/Shelvies.php(53): MModel->insertOne(Array)
#3 /Applications/MAMP/htdocs/store/Controller/TestController.php(14): Shelvies->insertShelvies(Array)
#4 /Applications/MAMP/htdocs/store/lib/base/Router.php(48): TestController->RouterAdminmaxtest()
#5 /Applications/MAMP/htdocs/store/index.php(8): Router->getControllerFactory()
#6 {main} 
2016-06-03 09:40:22 ::  exception 'PDOException' with message 'DB Error::Fail to change the database!!  The sql is: INSERT INTO Shelvies  (`letter`,`num`,`time`,`size`) VALUE ('A','5','2016-06-03','1')' in /Applications/MAMP/htdocs/store/lib/db/Command.php:117
Stack trace:
#0 /Applications/MAMP/htdocs/store/lib/db/Command.php(44): Command->transction()
#1 /Applications/MAMP/htdocs/store/lib/base/MModel.php(59): Command->insert('Shelvies', Array)
#2 /Applications/MAMP/htdocs/store/models/Shelvies.php(53): MModel->insertOne(Array)
#3 /Applications/MAMP/htdocs/store/Controller/TestController.php(14): Shelvies->insertShelvies(Array)
#4 /Applications/MAMP/htdocs/store/lib/base/Router.php(48): TestController->RouterAdminmaxtest()
#5 /Applications/MAMP/htdocs/store/index.php(8): Router->getControllerFactory()
#6 {main} 
2016-06-03 09:40:29 ::  The result is empty, The sql word is :: SELECT stock_id,bar_code FROM shelvies WHERE  status='1' 
2016-06-03 09:40:49 ::  The result is empty, The sql word is :: SELECT stock_id,bar_code FROM shelvies WHERE  status='1' 
2016-06-03 09:41:59 ::  The result is empty, The sql word is :: SELECT stock_id,bar_code FROM shelvies WHERE  status='1' 
2016-06-03 09:42:33 ::  The result is empty, The sql word is :: SELECT stock_id,bar_code FROM shelvies WHERE  status='1' 
2016-06-03 09:42:33 ::  The result is empty, The sql word is :: SELECT stock_id,bar_code FROM shelvies WHERE  status='2' 
2016-06-03 09:44:19 ::  The result is empty, The sql word is :: SELECT stock_id,bar_code FROM shelvies WHERE  status='1' 
2016-06-03 09:44:19 ::  The result is empty, The sql word is :: SELECT stock_id,bar_code FROM shelvies WHERE  status='2' 
2016-06-03 09:44:43 ::  The result is empty, The sql word is :: SELECT stock_id,bar_code FROM shelvies WHERE  status='1' 
2016-06-03 09:44:48 ::  The result is empty, The sql word is :: SELECT stock_id,bar_code FROM shelvies WHERE  status='1' 
2016-06-03 09:45:33 ::  The result is empty, The sql word is :: SELECT stock_id,bar_code FROM shelvies WHERE  status='1' 
2016-06-03 09:46:05 ::  The result is empty, The sql word is :: SELECT stock_id,bar_code FROM shelvies WHERE  status='1' 
2016-06-03 09:49:33 ::  exception 'PDOException' with message 'DB Error::Fail to change the database!!  The sql is: ' in /Applications/MAMP/htdocs/store/lib/db/Command.php:135
Stack trace:
#0 /Applications/MAMP/htdocs/store/lib/db/Command.php(60): Command->transctions(Array)
#1 /Applications/MAMP/htdocs/store/models/Shelvies.php(71): Command->updateTrans(Array)
#2 /Applications/MAMP/htdocs/store/Controller/TestController.php(19): Shelvies->updateStocks(1)
#3 /Applications/MAMP/htdocs/store/lib/base/Router.php(48): TestController->RouterTestUpdateTwoTableAtTheSameTime()
#4 /Applications/MAMP/htdocs/store/index.php(8): Router->getControllerFactory()
#5 {main} 
2016-06-03 09:53:06 ::  exception 'PDOException' with message 'DB Error::Fail to change the database!!  The sql is: ' in /Applications/MAMP/htdocs/store/lib/db/Command.php:135
Stack trace:
#0 /Applications/MAMP/htdocs/store/lib/db/Command.php(60): Command->transctions(Array)
#1 /Applications/MAMP/htdocs/store/models/Shelvies.php(71): Command->updateTrans(Array)
#2 /Applications/MAMP/htdocs/store/Controller/TestController.php(19): Shelvies->updateStocks(2)
#3 /Applications/MAMP/htdocs/store/lib/base/Router.php(48): TestController->RouterTestUpdateTwoTableAtTheSameTime()
#4 /Applications/MAMP/htdocs/store/index.php(8): Router->getControllerFactory()
#5 {main} 
2016-06-03 10:01:09 ::  exception 'PDOException' with message 'DB Error::Fail to change the database!!  The sql is: ' in /Applications/MAMP/htdocs/store/lib/db/Command.php:135
Stack trace:
#0 /Applications/MAMP/htdocs/store/lib/db/Command.php(60): Command->transctions(Array)
#1 /Applications/MAMP/htdocs/store/models/Shelvies.php(71): Command->updateTrans(Array)
#2 /Applications/MAMP/htdocs/store/Controller/TestController.php(19): Shelvies->updateStocks(2)
#3 /Applications/MAMP/htdocs/store/lib/base/Router.php(48): TestController->RouterTestUpdateTwoTableAtTheSameTime()
#4 /Applications/MAMP/htdocs/store/index.php(8): Router->getControllerFactory()
#5 {main} 
2016-06-03 10:01:51 ::  exception 'PDOException' with message 'DB Error::Fail to change the database!!  The sql is: ' in /Applications/MAMP/htdocs/store/lib/db/Command.php:135
Stack trace:
#0 /Applications/MAMP/htdocs/store/models/Shelvies.php(71): Command->transctions(Array)
#1 /Applications/MAMP/htdocs/store/Controller/TestController.php(19): Shelvies->updateStocks(2)
#2 /Applications/MAMP/htdocs/store/lib/base/Router.php(48): TestController->RouterTestUpdateTwoTableAtTheSameTime()
#3 /Applications/MAMP/htdocs/store/index.php(8): Router->getControllerFactory()
#4 {main} 
2016-06-03 10:03:17 ::  exception 'PDOException' with message 'DB Error::Fail to change the database!!  The sql is: ' in /Applications/MAMP/htdocs/store/lib/db/Command.php:136
Stack trace:
#0 /Applications/MAMP/htdocs/store/models/Shelvies.php(71): Command->transctions(Array)
#1 /Applications/MAMP/htdocs/store/Controller/TestController.php(19): Shelvies->updateStocks(2)
#2 /Applications/MAMP/htdocs/store/lib/base/Router.php(48): TestController->RouterTestUpdateTwoTableAtTheSameTime()
#3 /Applications/MAMP/htdocs/store/index.php(8): Router->getControllerFactory()
#4 {main} 
2016-06-03 10:07:23 ::  exception 'PDOException' with message 'DB Error::Fail to change the database!!  The sql is: UPDATE inquiry SET bar_code = '10000005B2' AND status = '2' WHERE stock_id = '10000005' The Error is :: Truncated incorrect DOUBLE value: '10000005B2'' in /Applications/MAMP/htdocs/store/lib/db/Command.php:136
Stack trace:
#0 /Applications/MAMP/htdocs/store/models/Shelvies.php(71): Command->transctions(Array)
#1 /Applications/MAMP/htdocs/store/Controller/TestController.php(19): Shelvies->updateStocks(2)
#2 /Applications/MAMP/htdocs/store/lib/base/Router.php(48): TestController->RouterTestUpdateTwoTableAtTheSameTime()
#3 /Applications/MAMP/htdocs/store/index.php(8): Router->getControllerFactory()
#4 {main} 
2016-06-03 10:11:13 ::  exception 'PDOException' with message 'DB Error::Fail to change the database!!  The sql is: UPDATE inquiry SET bar_code = '10000005B2' AND status = '2' WHERE stock_id = '10000005' The Error is :: Truncated incorrect DOUBLE value: '10000005B2'' in /Applications/MAMP/htdocs/store/lib/db/Command.php:136
Stack trace:
#0 /Applications/MAMP/htdocs/store/models/Shelvies.php(71): Command->transctions(Array)
#1 /Applications/MAMP/htdocs/store/Controller/TestController.php(19): Shelvies->updateStocks(2)
#2 /Applications/MAMP/htdocs/store/lib/base/Router.php(48): TestController->RouterTestUpdateTwoTableAtTheSameTime()
#3 /Applications/MAMP/htdocs/store/index.php(8): Router->getControllerFactory()
#4 {main} 
2016-06-03 11:45:00 ::  The result is empty, The sql word is :: SELECT * FROM Inquiry WHERE  stock_id='10000001' 
2016-06-03 11:47:06 ::  The result is empty, The sql word is :: SELECT * FROM Inquiry WHERE  stock_id='10000001' 
2016-06-03 11:47:08 ::  The result is empty, The sql word is :: SELECT * FROM Inquiry WHERE  stock_id='10000001' 
2016-06-03 11:47:10 ::  The result is empty, The sql word is :: SELECT * FROM Inquiry WHERE  stock_id='10000003' 
2016-06-03 11:47:22 ::  The result is empty, The sql word is :: SELECT * FROM Inquiry WHERE  stock_id='10000001' 
2016-06-03 11:47:22 ::  The result is empty, The sql word is :: SELECT * FROM Inquiry WHERE  stock_id='10000001' 
2016-06-03 11:50:28 ::  The result is empty, The sql word is :: SELECT * FROM Inquiry WHERE  stock_id='www.baidu.com' 
2016-06-03 11:50:40 ::  The result is empty, The sql word is :: SELECT * FROM Inquiry WHERE  stock_id='www.baidu.com' 
2016-06-03 11:50:43 ::  The result is empty, The sql word is :: SELECT * FROM Inquiry WHERE  stock_id='www.baidu.com' 
2016-06-03 11:50:55 ::  The result is empty, The sql word is :: SELECT * FROM Inquiry WHERE  stock_id='www.baidu.com' 
2016-06-03 11:50:57 ::  The result is empty, The sql word is :: SELECT * FROM Inquiry WHERE  stock_id='http' 
2016-06-03 11:51:30 ::  The result is empty, The sql word is :: SELECT * FROM Inquiry WHERE  stock_id='10000003' 
2016-06-03 11:51:31 ::  The result is empty, The sql word is :: SELECT * FROM Inquiry WHERE  stock_id='10000001' 
2016-06-03 11:51:32 ::  The result is empty, The sql word is :: SELECT * FROM Inquiry WHERE  stock_id='10000001' 
2016-06-03 12:08:17 ::  The result is empty, The sql word is :: SELECT * FROM Inquiry WHERE  stock_id='public' 
2016-06-03 16:51:02 ::  exception 'PDOException' with message 'DB Error::Fail to change the database!!  The sql is: INSERT INTO Inquiry  (`size`, `status`) VALUE  The Error is :: You have an error in your SQL syntax; check the manual that corresponds to your MySQL server version for the right syntax to use near '' at line 1' in /Applications/MAMP/htdocs/store/lib/db/Command.php:117
Stack trace:
#0 /Applications/MAMP/htdocs/store/lib/db/Command.php(50): Command->transction()
#1 /Applications/MAMP/htdocs/store/lib/base/MModel.php(66): Command->insertSomeVal('Inquiry', Array, Array)
#2 /Applications/MAMP/htdocs/store/models/Inquiry.php(65): MModel->insertNum(Array, Array)
#3 /Applications/MAMP/htdocs/store/Controller/AjaxController.php(101): Inquiry->InsertGoods(Array)
#4 /Applications/MAMP/htdocs/store/lib/base/Router.php(48): AjaxController->RouterInsertGoods()
#5 /Applications/MAMP/htdocs/store/index.php(8): Router->getControllerFactory()
#6 {main} 
2016-06-03 16:51:02 ::  exception 'PDOException' with message 'DB Error::Fail to change the database!!  The sql is: INSERT INTO Inquiry  (`size`, `status`) VALUE  The Error is :: You have an error in your SQL syntax; check the manual that corresponds to your MySQL server version for the right syntax to use near '' at line 1' in /Applications/MAMP/htdocs/store/lib/db/Command.php:117
Stack trace:
#0 /Applications/MAMP/htdocs/store/lib/db/Command.php(50): Command->transction()
#1 /Applications/MAMP/htdocs/store/lib/base/MModel.php(66): Command->insertSomeVal('Inquiry', Array, Array)
#2 /Applications/MAMP/htdocs/store/models/Inquiry.php(65): MModel->insertNum(Array, Array)
#3 /Applications/MAMP/htdocs/store/Controller/AjaxController.php(101): Inquiry->InsertGoods(Array)
#4 /Applications/MAMP/htdocs/store/lib/base/Router.php(48): AjaxController->RouterInsertGoods()
#5 /Applications/MAMP/htdocs/store/index.php(8): Router->getControllerFactory()
#6 {main} 
2016-06-03 16:51:13 ::  The result is empty, The sql word is :: SELECT * FROM inquiry JOIN shelvies WHERE inquiry.stock_id = '' AND inquiry.stock_id = shelvies.stock_id 
2016-06-03 16:51:40 ::  The result is empty, The sql word is :: SELECT * FROM inquiry JOIN shelvies WHERE inquiry.stock_id = '1000000B' AND inquiry.stock_id = shelvies.stock_id 
2016-06-03 16:51:42 ::  The result is empty, The sql word is :: SELECT * FROM inquiry JOIN shelvies WHERE inquiry.stock_id = '1000000B' AND inquiry.stock_id = shelvies.stock_id 
2016-06-03 16:51:56 ::  The result is empty, The sql word is :: SELECT * FROM inquiry JOIN shelvies WHERE inquiry.stock_id = '1000000B' AND inquiry.stock_id = shelvies.stock_id 
2016-06-03 16:52:18 ::  The result is empty, The sql word is :: SELECT * FROM inquiry JOIN shelvies WHERE inquiry.stock_id = '1000000' AND inquiry.stock_id = shelvies.stock_id 
2016-06-03 16:52:19 ::  The result is empty, The sql word is :: SELECT * FROM inquiry JOIN shelvies WHERE inquiry.stock_id = '1000000' AND inquiry.stock_id = shelvies.stock_id 
2016-06-03 18:01:31 ::  The result is empty, The sql word is :: SELECT inquiry.stock_id, inquiry.time, inquiry.weight, inquiry.describe, shelvies.letter, shelvies.num, shelvies.status  FROM inquiry JOIN shelvies WHERE inquiry.stock_id = '' AND inquiry.stock_id = shelvies.stock_id 
2016-06-03 18:28:14 ::  The result is empty, The sql word is :: SELECT * FROM inquiry WHERE  status='1' 
2016-06-05 08:40:42 ::  The result is empty, The sql word is :: SELECT * FROM Users WHERE  name='' AND userpass='da39a3ee5e6b4b0d3255bfef95601890afd80709' 
2016-06-05 08:46:02 ::  The result is empty, The sql word is :: SELECT inquiry.stock_id, inquiry.time, inquiry.weight, inquiry.describe, shelvies.letter, shelvies.num, shelvies.status  FROM inquiry JOIN shelvies WHERE inquiry.stock_id = '' AND inquiry.stock_id = shelvies.stock_id 
2016-06-05 09:29:01 ::  The result is empty, The sql word is :: SELECT inquiry.stock_id, inquiry.time, inquiry.weight, inquiry.describe, shelvies.letter, shelvies.num, shelvies.status  FROM inquiry JOIN shelvies WHERE inquiry.stock_id = '1' AND inquiry.stock_id = shelvies.stock_id 
2016-06-05 09:29:05 ::  The result is empty, The sql word is :: SELECT inquiry.stock_id, inquiry.time, inquiry.weight, inquiry.describe, shelvies.letter, shelvies.num, shelvies.status  FROM inquiry JOIN shelvies WHERE inquiry.stock_id = '1' AND inquiry.stock_id = shelvies.stock_id 
2016-06-05 09:29:06 ::  The result is empty, The sql word is :: SELECT inquiry.stock_id, inquiry.time, inquiry.weight, inquiry.describe, shelvies.letter, shelvies.num, shelvies.status  FROM inquiry JOIN shelvies WHERE inquiry.stock_id = '1' AND inquiry.stock_id = shelvies.stock_id 
2016-06-05 09:29:07 ::  The result is empty, The sql word is :: SELECT inquiry.stock_id, inquiry.time, inquiry.weight, inquiry.describe, shelvies.letter, shelvies.num, shelvies.status  FROM inquiry JOIN shelvies WHERE inquiry.stock_id = '1' AND inquiry.stock_id = shelvies.stock_id 
2016-06-05 09:29:08 ::  The result is empty, The sql word is :: SELECT inquiry.stock_id, inquiry.time, inquiry.weight, inquiry.describe, shelvies.letter, shelvies.num, shelvies.status  FROM inquiry JOIN shelvies WHERE inquiry.stock_id = '00' AND inquiry.stock_id = shelvies.stock_id 
2016-06-05 09:29:08 ::  The result is empty, The sql word is :: SELECT inquiry.stock_id, inquiry.time, inquiry.weight, inquiry.describe, shelvies.letter, shelvies.num, shelvies.status  FROM inquiry JOIN shelvies WHERE inquiry.stock_id = '00' AND inquiry.stock_id = shelvies.stock_id 
2016-06-05 09:29:08 ::  The result is empty, The sql word is :: SELECT inquiry.stock_id, inquiry.time, inquiry.weight, inquiry.describe, shelvies.letter, shelvies.num, shelvies.status  FROM inquiry JOIN shelvies WHERE inquiry.stock_id = '00' AND inquiry.stock_id = shelvies.stock_id 
2016-06-05 09:29:10 ::  The result is empty, The sql word is :: SELECT inquiry.stock_id, inquiry.time, inquiry.weight, inquiry.describe, shelvies.letter, shelvies.num, shelvies.status  FROM inquiry JOIN shelvies WHERE inquiry.stock_id = '1' AND inquiry.stock_id = shelvies.stock_id 
2016-06-05 09:31:16 ::  The result is empty, The sql word is :: SELECT inquiry.stock_id, inquiry.time, inquiry.weight, inquiry.describe, shelvies.letter, shelvies.num, shelvies.status  FROM inquiry JOIN shelvies WHERE inquiry.stock_id = '1000000' AND inquiry.stock_id = shelvies.stock_id 
2016-06-05 09:31:16 ::  The result is empty, The sql word is :: SELECT inquiry.stock_id, inquiry.time, inquiry.weight, inquiry.describe, shelvies.letter, shelvies.num, shelvies.status  FROM inquiry JOIN shelvies WHERE inquiry.stock_id = '100000' AND inquiry.stock_id = shelvies.stock_id 
2016-06-05 09:31:16 ::  The result is empty, The sql word is :: SELECT inquiry.stock_id, inquiry.time, inquiry.weight, inquiry.describe, shelvies.letter, shelvies.num, shelvies.status  FROM inquiry JOIN shelvies WHERE inquiry.stock_id = '10000' AND inquiry.stock_id = shelvies.stock_id 
2016-06-05 09:31:16 ::  The result is empty, The sql word is :: SELECT inquiry.stock_id, inquiry.time, inquiry.weight, inquiry.describe, shelvies.letter, shelvies.num, shelvies.status  FROM inquiry JOIN shelvies WHERE inquiry.stock_id = '1000' AND inquiry.stock_id = shelvies.stock_id 
2016-06-05 09:31:17 ::  The result is empty, The sql word is :: SELECT inquiry.stock_id, inquiry.time, inquiry.weight, inquiry.describe, shelvies.letter, shelvies.num, shelvies.status  FROM inquiry JOIN shelvies WHERE inquiry.stock_id = '100' AND inquiry.stock_id = shelvies.stock_id 
2016-06-05 09:31:17 ::  The result is empty, The sql word is :: SELECT inquiry.stock_id, inquiry.time, inquiry.weight, inquiry.describe, shelvies.letter, shelvies.num, shelvies.status  FROM inquiry JOIN shelvies WHERE inquiry.stock_id = '10' AND inquiry.stock_id = shelvies.stock_id 
2016-06-05 09:31:17 ::  The result is empty, The sql word is :: SELECT inquiry.stock_id, inquiry.time, inquiry.weight, inquiry.describe, shelvies.letter, shelvies.num, shelvies.status  FROM inquiry JOIN shelvies WHERE inquiry.stock_id = '1' AND inquiry.stock_id = shelvies.stock_id 
2016-06-05 09:31:22 ::  The result is empty, The sql word is :: SELECT inquiry.stock_id, inquiry.time, inquiry.weight, inquiry.describe, shelvies.letter, shelvies.num, shelvies.status  FROM inquiry JOIN shelvies WHERE inquiry.stock_id = '=' AND inquiry.stock_id = shelvies.stock_id 
2016-06-05 09:31:38 ::  The result is empty, The sql word is :: SELECT inquiry.stock_id, inquiry.time, inquiry.weight, inquiry.describe, shelvies.letter, shelvies.num, shelvies.status  FROM inquiry JOIN shelvies WHERE inquiry.stock_id = '' AND inquiry.stock_id = shelvies.stock_id 
2016-06-05 09:31:42 ::  The result is empty, The sql word is :: SELECT inquiry.stock_id, inquiry.time, inquiry.weight, inquiry.describe, shelvies.letter, shelvies.num, shelvies.status  FROM inquiry JOIN shelvies WHERE inquiry.stock_id = 'shelvies' AND inquiry.stock_id = shelvies.stock_id 
2016-06-05 09:31:43 ::  The result is empty, The sql word is :: SELECT inquiry.stock_id, inquiry.time, inquiry.weight, inquiry.describe, shelvies.letter, shelvies.num, shelvies.status  FROM inquiry JOIN shelvies WHERE inquiry.stock_id = 'shelvie' AND inquiry.stock_id = shelvies.stock_id 
2016-06-05 09:31:44 ::  The result is empty, The sql word is :: SELECT inquiry.stock_id, inquiry.time, inquiry.weight, inquiry.describe, shelvies.letter, shelvies.num, shelvies.status  FROM inquiry JOIN shelvies WHERE inquiry.stock_id = 'shelvi' AND inquiry.stock_id = shelvies.stock_id 
2016-06-05 09:31:44 ::  The result is empty, The sql word is :: SELECT inquiry.stock_id, inquiry.time, inquiry.weight, inquiry.describe, shelvies.letter, shelvies.num, shelvies.status  FROM inquiry JOIN shelvies WHERE inquiry.stock_id = 'shelv' AND inquiry.stock_id = shelvies.stock_id 
2016-06-05 09:31:44 ::  The result is empty, The sql word is :: SELECT inquiry.stock_id, inquiry.time, inquiry.weight, inquiry.describe, shelvies.letter, shelvies.num, shelvies.status  FROM inquiry JOIN shelvies WHERE inquiry.stock_id = 'shel' AND inquiry.stock_id = shelvies.stock_id 
2016-06-05 09:31:44 ::  The result is empty, The sql word is :: SELECT inquiry.stock_id, inquiry.time, inquiry.weight, inquiry.describe, shelvies.letter, shelvies.num, shelvies.status  FROM inquiry JOIN shelvies WHERE inquiry.stock_id = 'she' AND inquiry.stock_id = shelvies.stock_id 
2016-06-05 09:31:44 ::  The result is empty, The sql word is :: SELECT inquiry.stock_id, inquiry.time, inquiry.weight, inquiry.describe, shelvies.letter, shelvies.num, shelvies.status  FROM inquiry JOIN shelvies WHERE inquiry.stock_id = 'sh' AND inquiry.stock_id = shelvies.stock_id 
2016-06-05 09:31:44 ::  The result is empty, The sql word is :: SELECT inquiry.stock_id, inquiry.time, inquiry.weight, inquiry.describe, shelvies.letter, shelvies.num, shelvies.status  FROM inquiry JOIN shelvies WHERE inquiry.stock_id = 's' AND inquiry.stock_id = shelvies.stock_id 
2016-06-05 09:31:45 ::  The result is empty, The sql word is :: SELECT inquiry.stock_id, inquiry.time, inquiry.weight, inquiry.describe, shelvies.letter, shelvies.num, shelvies.status  FROM inquiry JOIN shelvies WHERE inquiry.stock_id = '1' AND inquiry.stock_id = shelvies.stock_id 
2016-06-05 09:31:45 ::  The result is empty, The sql word is :: SELECT inquiry.stock_id, inquiry.time, inquiry.weight, inquiry.describe, shelvies.letter, shelvies.num, shelvies.status  FROM inquiry JOIN shelvies WHERE inquiry.stock_id = '10' AND inquiry.stock_id = shelvies.stock_id 
2016-06-05 09:31:45 ::  The result is empty, The sql word is :: SELECT inquiry.stock_id, inquiry.time, inquiry.weight, inquiry.describe, shelvies.letter, shelvies.num, shelvies.status  FROM inquiry JOIN shelvies WHERE inquiry.stock_id = '100' AND inquiry.stock_id = shelvies.stock_id 
2016-06-05 09:31:45 ::  The result is empty, The sql word is :: SELECT inquiry.stock_id, inquiry.time, inquiry.weight, inquiry.describe, shelvies.letter, shelvies.num, shelvies.status  FROM inquiry JOIN shelvies WHERE inquiry.stock_id = '1000' AND inquiry.stock_id = shelvies.stock_id 
2016-06-05 09:31:46 ::  The result is empty, The sql word is :: SELECT inquiry.stock_id, inquiry.time, inquiry.weight, inquiry.describe, shelvies.letter, shelvies.num, shelvies.status  FROM inquiry JOIN shelvies WHERE inquiry.stock_id = '10000' AND inquiry.stock_id = shelvies.stock_id 
2016-06-05 09:31:47 ::  The result is empty, The sql word is :: SELECT inquiry.stock_id, inquiry.time, inquiry.weight, inquiry.describe, shelvies.letter, shelvies.num, shelvies.status  FROM inquiry JOIN shelvies WHERE inquiry.stock_id = '1000' AND inquiry.stock_id = shelvies.stock_id 
2016-06-05 09:31:47 ::  The result is empty, The sql word is :: SELECT inquiry.stock_id, inquiry.time, inquiry.weight, inquiry.describe, shelvies.letter, shelvies.num, shelvies.status  FROM inquiry JOIN shelvies WHERE inquiry.stock_id = '100' AND inquiry.stock_id = shelvies.stock_id 
2016-06-05 09:31:47 ::  The result is empty, The sql word is :: SELECT inquiry.stock_id, inquiry.time, inquiry.weight, inquiry.describe, shelvies.letter, shelvies.num, shelvies.status  FROM inquiry JOIN shelvies WHERE inquiry.stock_id = '10' AND inquiry.stock_id = shelvies.stock_id 
2016-06-05 09:32:00 ::  The result is empty, The sql word is :: SELECT inquiry.stock_id, inquiry.time, inquiry.weight, inquiry.describe, shelvies.letter, shelvies.num, shelvies.status  FROM inquiry JOIN shelvies WHERE inquiry.stock_id = '1000000' AND inquiry.stock_id = shelvies.stock_id 
2016-06-05 09:32:59 ::  The result is empty, The sql word is :: SELECT inquiry.stock_id, inquiry.time, inquiry.weight, inquiry.describe, shelvies.letter, shelvies.num, shelvies.status  FROM inquiry JOIN shelvies WHERE inquiry.stock_id = '				// ' AND inquiry.stock_id = shelvies.stock_id 
2016-06-05 09:33:02 ::  The result is empty, The sql word is :: SELECT inquiry.stock_id, inquiry.time, inquiry.weight, inquiry.describe, shelvies.letter, shelvies.num, shelvies.status  FROM inquiry JOIN shelvies WHERE inquiry.stock_id = '				// ' AND inquiry.stock_id = shelvies.stock_id 
2016-06-05 09:33:10 ::  The result is empty, The sql word is :: SELECT inquiry.stock_id, inquiry.time, inquiry.weight, inquiry.describe, shelvies.letter, shelvies.num, shelvies.status  FROM inquiry JOIN shelvies WHERE inquiry.stock_id = '				// ' AND inquiry.stock_id = shelvies.stock_id 
2016-06-05 09:38:10 ::  The result is empty, The sql word is :: SELECT inquiry.stock_id, inquiry.time, inquiry.weight, inquiry.describe, shelvies.letter, shelvies.num, shelvies.status  FROM inquiry JOIN shelvies WHERE inquiry.stock_id = 'barcode' AND inquiry.stock_id = shelvies.stock_id 
2016-06-05 09:42:05 ::  The result is empty, The sql word is :: SELECT inquiry.stock_id, inquiry.time, inquiry.weight, inquiry.describe, shelvies.letter, shelvies.num, shelvies.status  FROM inquiry JOIN shelvies WHERE inquiry.stock_id = 'msg[0].s' AND inquiry.stock_id = shelvies.stock_id 
2016-06-05 09:43:57 ::  The result is empty, The sql word is :: SELECT inquiry.stock_id, inquiry.time, inquiry.weight, inquiry.describe, shelvies.letter, shelvies.num, shelvies.status  FROM inquiry JOIN shelvies WHERE inquiry.stock_id = '$('.admi' AND inquiry.stock_id = shelvies.stock_id 
2016-06-05 09:44:00 ::  The result is empty, The sql word is :: SELECT inquiry.stock_id, inquiry.time, inquiry.weight, inquiry.describe, shelvies.letter, shelvies.num, shelvies.status  FROM inquiry JOIN shelvies WHERE inquiry.stock_id = '$('.admi' AND inquiry.stock_id = shelvies.stock_id 
2016-06-05 09:44:19 ::  The result is empty, The sql word is :: SELECT inquiry.stock_id, inquiry.time, inquiry.weight, inquiry.describe, shelvies.letter, shelvies.num, shelvies.status  FROM inquiry JOIN shelvies WHERE inquiry.stock_id = '						al' AND inquiry.stock_id = shelvies.stock_id 
2016-06-05 09:45:06 ::  The result is empty, The sql word is :: SELECT inquiry.stock_id, inquiry.time, inquiry.weight, inquiry.describe, shelvies.letter, shelvies.num, shelvies.status  FROM inquiry JOIN shelvies WHERE inquiry.stock_id = '' AND inquiry.stock_id = shelvies.stock_id 
2016-06-05 09:45:29 ::  The result is empty, The sql word is :: SELECT inquiry.stock_id, inquiry.time, inquiry.weight, inquiry.describe, shelvies.letter, shelvies.num, shelvies.status  FROM inquiry JOIN shelvies WHERE inquiry.stock_id = '' AND inquiry.stock_id = shelvies.stock_id 
2016-06-05 09:45:34 ::  The result is empty, The sql word is :: SELECT inquiry.stock_id, inquiry.time, inquiry.weight, inquiry.describe, shelvies.letter, shelvies.num, shelvies.status  FROM inquiry JOIN shelvies WHERE inquiry.stock_id = '1' AND inquiry.stock_id = shelvies.stock_id 
2016-06-05 10:29:08 ::  The result is empty, The sql word is :: SELECT inquiry.stock_id, inquiry.time, inquiry.weight, inquiry.describe, shelvies.letter, shelvies.num, shelvies.status  FROM inquiry JOIN shelvies WHERE inquiry.stock_id = 'barcode' AND inquiry.stock_id = shelvies.stock_id 
2016-06-05 10:59:40 ::  The result is empty, The sql word is :: SELECT * FROM Users WHERE  name='' AND userpass='da39a3ee5e6b4b0d3255bfef95601890afd80709' 
2016-06-05 10:59:40 ::  The result is empty, The sql word is :: SELECT * FROM Users WHERE  name='' AND userpass='da39a3ee5e6b4b0d3255bfef95601890afd80709' 
2016-06-05 10:59:41 ::  The result is empty, The sql word is :: SELECT * FROM Users WHERE  name='' AND userpass='da39a3ee5e6b4b0d3255bfef95601890afd80709' 
2016-06-05 10:59:41 ::  The result is empty, The sql word is :: SELECT * FROM Users WHERE  name='' AND userpass='da39a3ee5e6b4b0d3255bfef95601890afd80709' 
2016-06-06 09:08:06 ::  The result is empty, The sql word is :: SELECT * FROM Users WHERE  name='' AND userpass='da39a3ee5e6b4b0d3255bfef95601890afd80709' 
2016-06-06 09:08:08 ::  The result is empty, The sql word is :: SELECT * FROM Users WHERE  name='' AND userpass='da39a3ee5e6b4b0d3255bfef95601890afd80709' 
2016-06-06 09:08:08 ::  The result is empty, The sql word is :: SELECT * FROM Users WHERE  name='' AND userpass='da39a3ee5e6b4b0d3255bfef95601890afd80709' 
2016-06-06 09:08:09 ::  The result is empty, The sql word is :: SELECT * FROM Users WHERE  name='' AND userpass='da39a3ee5e6b4b0d3255bfef95601890afd80709' 
2016-06-06 09:08:09 ::  The result is empty, The sql word is :: SELECT * FROM Users WHERE  name='' AND userpass='da39a3ee5e6b4b0d3255bfef95601890afd80709' 
2016-06-06 09:55:04 ::  The result is empty, The sql word is :: SELECT inquiry.stock_id, inquiry.time, inquiry.weight, inquiry.describe, shelvies.letter, shelvies.num, shelvies.status  FROM inquiry JOIN shelvies WHERE inquiry.stock_id = '' AND inquiry.stock_id = shelvies.stock_id 
2016-06-06 09:55:05 ::  The result is empty, The sql word is :: SELECT inquiry.stock_id, inquiry.time, inquiry.weight, inquiry.describe, shelvies.letter, shelvies.num, shelvies.status  FROM inquiry JOIN shelvies WHERE inquiry.stock_id = '' AND inquiry.stock_id = shelvies.stock_id 
2016-06-06 09:55:10 ::  exception 'PDOException' with message 'DB Error::Fail to change the database!!  The sql is: UPDATE Inquiry SET  WHERE  stock_id='10000005' The Error is :: You have an error in your SQL syntax; check the manual that corresponds to your MySQL server version for the right syntax to use near 'WHERE  stock_id='10000005'' at line 1' in /Applications/MAMP/htdocs/store/lib/db/Command.php:117
Stack trace:
#0 /Applications/MAMP/htdocs/store/lib/db/Command.php(56): Command->transction()
#1 /Applications/MAMP/htdocs/store/lib/base/MModel.php(76): Command->update('Inquiry', NULL, Array)
#2 /Applications/MAMP/htdocs/store/Controller/AjaxController.php(145): MModel->updateOneRec(NULL, '10000005')
#3 /Applications/MAMP/htdocs/store/lib/base/Router.php(48): AjaxController->RouterGoodsInfoInsert()
#4 /Applications/MAMP/htdocs/store/index.php(8): Router->getControllerFactory()
#5 {main} 
2016-06-06 09:56:32 ::  exception 'PDOException' with message 'DB Error::Fail to change the database!!  The sql is: UPDATE Inquiry SET  WHERE  stock_id='10000005' The Error is :: You have an error in your SQL syntax; check the manual that corresponds to your MySQL server version for the right syntax to use near 'WHERE  stock_id='10000005'' at line 1' in /Applications/MAMP/htdocs/store/lib/db/Command.php:117
Stack trace:
#0 /Applications/MAMP/htdocs/store/lib/db/Command.php(56): Command->transction()
#1 /Applications/MAMP/htdocs/store/lib/base/MModel.php(76): Command->update('Inquiry', NULL, Array)
#2 /Applications/MAMP/htdocs/store/Controller/AjaxController.php(145): MModel->updateOneRec(NULL, '10000005')
#3 /Applications/MAMP/htdocs/store/lib/base/Router.php(48): AjaxController->RouterGoodsInfoInsert()
#4 /Applications/MAMP/htdocs/store/index.php(8): Router->getControllerFactory()
#5 {main} 
2016-06-06 09:56:34 ::  exception 'PDOException' with message 'DB Error::Fail to change the database!!  The sql is: UPDATE Inquiry SET  WHERE  stock_id='10000005' The Error is :: You have an error in your SQL syntax; check the manual that corresponds to your MySQL server version for the right syntax to use near 'WHERE  stock_id='10000005'' at line 1' in /Applications/MAMP/htdocs/store/lib/db/Command.php:117
Stack trace:
#0 /Applications/MAMP/htdocs/store/lib/db/Command.php(56): Command->transction()
#1 /Applications/MAMP/htdocs/store/lib/base/MModel.php(76): Command->update('Inquiry', NULL, Array)
#2 /Applications/MAMP/htdocs/store/Controller/AjaxController.php(145): MModel->updateOneRec(NULL, '10000005')
#3 /Applications/MAMP/htdocs/store/lib/base/Router.php(48): AjaxController->RouterGoodsInfoInsert()
#4 /Applications/MAMP/htdocs/store/index.php(8): Router->getControllerFactory()
#5 {main} 
2016-06-06 09:56:36 ::  exception 'PDOException' with message 'DB Error::Fail to change the database!!  The sql is: UPDATE Inquiry SET  WHERE  stock_id='10000005' The Error is :: You have an error in your SQL syntax; check the manual that corresponds to your MySQL server version for the right syntax to use near 'WHERE  stock_id='10000005'' at line 1' in /Applications/MAMP/htdocs/store/lib/db/Command.php:117
Stack trace:
#0 /Applications/MAMP/htdocs/store/lib/db/Command.php(56): Command->transction()
#1 /Applications/MAMP/htdocs/store/lib/base/MModel.php(76): Command->update('Inquiry', NULL, Array)
#2 /Applications/MAMP/htdocs/store/Controller/AjaxController.php(145): MModel->updateOneRec(NULL, '10000005')
#3 /Applications/MAMP/htdocs/store/lib/base/Router.php(48): AjaxController->RouterGoodsInfoInsert()
#4 /Applications/MAMP/htdocs/store/index.php(8): Router->getControllerFactory()
#5 {main} 
2016-06-06 09:56:37 ::  exception 'PDOException' with message 'DB Error::Fail to change the database!!  The sql is: UPDATE Inquiry SET  WHERE  stock_id='10000005' The Error is :: You have an error in your SQL syntax; check the manual that corresponds to your MySQL server version for the right syntax to use near 'WHERE  stock_id='10000005'' at line 1' in /Applications/MAMP/htdocs/store/lib/db/Command.php:117
Stack trace:
#0 /Applications/MAMP/htdocs/store/lib/db/Command.php(56): Command->transction()
#1 /Applications/MAMP/htdocs/store/lib/base/MModel.php(76): Command->update('Inquiry', NULL, Array)
#2 /Applications/MAMP/htdocs/store/Controller/AjaxController.php(145): MModel->updateOneRec(NULL, '10000005')
#3 /Applications/MAMP/htdocs/store/lib/base/Router.php(48): AjaxController->RouterGoodsInfoInsert()
#4 /Applications/MAMP/htdocs/store/index.php(8): Router->getControllerFactory()
#5 {main} 
2016-06-06 09:56:45 ::  exception 'PDOException' with message 'DB Error::Fail to change the database!!  The sql is: UPDATE Inquiry SET  WHERE  stock_id='10000005' The Error is :: You have an error in your SQL syntax; check the manual that corresponds to your MySQL server version for the right syntax to use near 'WHERE  stock_id='10000005'' at line 1' in /Applications/MAMP/htdocs/store/lib/db/Command.php:117
Stack trace:
#0 /Applications/MAMP/htdocs/store/lib/db/Command.php(56): Command->transction()
#1 /Applications/MAMP/htdocs/store/lib/base/MModel.php(76): Command->update('Inquiry', NULL, Array)
#2 /Applications/MAMP/htdocs/store/Controller/AjaxController.php(145): MModel->updateOneRec(NULL, '10000005')
#3 /Applications/MAMP/htdocs/store/lib/base/Router.php(48): AjaxController->RouterGoodsInfoInsert()
#4 /Applications/MAMP/htdocs/store/index.php(8): Router->getControllerFactory()
#5 {main} 
2016-06-06 09:57:17 ::  exception 'PDOException' with message 'DB Error::Fail to change the database!!  The sql is: UPDATE Inquiry SET size='2', describe='我也不知道这是啥', weight='30', time='2017-08-03' WHERE  stock_id='10000005' The Error is :: You have an error in your SQL syntax; check the manual that corresponds to your MySQL server version for the right syntax to use near 'describe='我也不知道这是啥', weight='30', time='2017-08-03' WHERE  stock' at line 1' in /Applications/MAMP/htdocs/store/lib/db/Command.php:117
Stack trace:
#0 /Applications/MAMP/htdocs/store/lib/db/Command.php(56): Command->transction()
#1 /Applications/MAMP/htdocs/store/lib/base/MModel.php(76): Command->update('Inquiry', Array, Array)
#2 /Applications/MAMP/htdocs/store/Controller/AjaxController.php(145): MModel->updateOneRec(Array, '10000005')
#3 /Applications/MAMP/htdocs/store/lib/base/Router.php(48): AjaxController->RouterGoodsInfoInsert()
#4 /Applications/MAMP/htdocs/store/index.php(8): Router->getControllerFactory()
#5 {main} 
2016-06-06 09:57:31 ::  exception 'PDOException' with message 'DB Error::Fail to change the database!!  The sql is: UPDATE Inquiry SET size='2', describe='我也不知道这是啥', weight='30', time='2017-08-03' WHERE  stock_id='10000005' The Error is :: You have an error in your SQL syntax; check the manual that corresponds to your MySQL server version for the right syntax to use near 'describe='我也不知道这是啥', weight='30', time='2017-08-03' WHERE  stock' at line 1' in /Applications/MAMP/htdocs/store/lib/db/Command.php:117
Stack trace:
#0 /Applications/MAMP/htdocs/store/lib/db/Command.php(56): Command->transction()
#1 /Applications/MAMP/htdocs/store/lib/base/MModel.php(76): Command->update('Inquiry', Array, Array)
#2 /Applications/MAMP/htdocs/store/Controller/AjaxController.php(145): MModel->updateOneRec(Array, '10000005')
#3 /Applications/MAMP/htdocs/store/lib/base/Router.php(48): AjaxController->RouterGoodsInfoInsert()
#4 /Applications/MAMP/htdocs/store/index.php(8): Router->getControllerFactory()
#5 {main} 
2016-06-06 10:05:01 ::  exception 'PDOException' with message 'DB Error::Fail to change the database!!  The sql is: UPDATE Inquiry SET size='', describe='', weight='', time='', inquiry.size='2', inquiry.describe='我也不知道这是啥', inquiry.weight='30', inquiry.time='2017-08-03' WHERE  stock_id='10000005' The Error is :: You have an error in your SQL syntax; check the manual that corresponds to your MySQL server version for the right syntax to use near 'describe='', weight='', time='', inquiry.size='2', inquiry.describe='我也不' at line 1' in /Applications/MAMP/htdocs/store/lib/db/Command.php:117
Stack trace:
#0 /Applications/MAMP/htdocs/store/lib/db/Command.php(56): Command->transction()
#1 /Applications/MAMP/htdocs/store/lib/base/MModel.php(76): Command->update('Inquiry', Array, Array)
#2 /Applications/MAMP/htdocs/store/Controller/AjaxController.php(145): MModel->updateOneRec(Array, '10000005')
#3 /Applications/MAMP/htdocs/store/lib/base/Router.php(48): AjaxController->RouterGoodsInfoInsert()
#4 /Applications/MAMP/htdocs/store/index.php(8): Router->getControllerFactory()
#5 {main} 
2016-06-06 10:05:03 ::  exception 'PDOException' with message 'DB Error::Fail to change the database!!  The sql is: UPDATE Inquiry SET size='', describe='', weight='', time='', inquiry.size='2', inquiry.describe='我也不知道这是啥', inquiry.weight='30', inquiry.time='2017-08-03' WHERE  stock_id='10000005' The Error is :: You have an error in your SQL syntax; check the manual that corresponds to your MySQL server version for the right syntax to use near 'describe='', weight='', time='', inquiry.size='2', inquiry.describe='我也不' at line 1' in /Applications/MAMP/htdocs/store/lib/db/Command.php:117
Stack trace:
#0 /Applications/MAMP/htdocs/store/lib/db/Command.php(56): Command->transction()
#1 /Applications/MAMP/htdocs/store/lib/base/MModel.php(76): Command->update('Inquiry', Array, Array)
#2 /Applications/MAMP/htdocs/store/Controller/AjaxController.php(145): MModel->updateOneRec(Array, '10000005')
#3 /Applications/MAMP/htdocs/store/lib/base/Router.php(48): AjaxController->RouterGoodsInfoInsert()
#4 /Applications/MAMP/htdocs/store/index.php(8): Router->getControllerFactory()
#5 {main} 
2016-06-06 13:11:28 ::  The result is empty, The sql word is :: SELECT * FROM Users WHERE  name='' AND userpass='da39a3ee5e6b4b0d3255bfef95601890afd80709' 
2016-06-06 13:11:32 ::  The result is empty, The sql word is :: SELECT * FROM Users WHERE  name='' AND userpass='da39a3ee5e6b4b0d3255bfef95601890afd80709' 
2016-06-06 13:11:32 ::  The result is empty, The sql word is :: SELECT * FROM Users WHERE  name='' AND userpass='da39a3ee5e6b4b0d3255bfef95601890afd80709' 
2016-06-06 13:11:32 ::  The result is empty, The sql word is :: SELECT * FROM Users WHERE  name='' AND userpass='da39a3ee5e6b4b0d3255bfef95601890afd80709' 
2016-06-06 13:11:33 ::  The result is empty, The sql word is :: SELECT * FROM Users WHERE  name='' AND userpass='da39a3ee5e6b4b0d3255bfef95601890afd80709' 
2016-06-06 13:28:05 ::  The result is empty, The sql word is :: SELECT * FROM Users WHERE  name='' AND userpass='da39a3ee5e6b4b0d3255bfef95601890afd80709' 
2016-06-06 13:28:06 ::  The result is empty, The sql word is :: SELECT * FROM Users WHERE  name='' AND userpass='da39a3ee5e6b4b0d3255bfef95601890afd80709' 
2016-06-06 13:56:06 ::  The result is empty, The sql word is :: SELECT inquiry.stock_id, inquiry.time, inquiry.weight, inquiry.describe, shelvies.letter, shelvies.num, shelvies.status  FROM inquiry JOIN shelvies WHERE inquiry.stock_id = '' AND inquiry.stock_id = shelvies.stock_id 
2016-06-06 20:20:08 ::  The result is empty, The sql word is :: SELECT * FROM Users WHERE  name='' AND userpass='da39a3ee5e6b4b0d3255bfef95601890afd80709' 
2016-06-06 20:20:08 ::  The result is empty, The sql word is :: SELECT * FROM Users WHERE  name='' AND userpass='da39a3ee5e6b4b0d3255bfef95601890afd80709' 
2016-06-06 20:20:09 ::  The result is empty, The sql word is :: SELECT * FROM Users WHERE  name='' AND userpass='da39a3ee5e6b4b0d3255bfef95601890afd80709' 
2016-06-06 20:20:09 ::  The result is empty, The sql word is :: SELECT * FROM Users WHERE  name='' AND userpass='da39a3ee5e6b4b0d3255bfef95601890afd80709' 
2016-06-06 20:20:10 ::  The result is empty, The sql word is :: SELECT * FROM Users WHERE  name='' AND userpass='da39a3ee5e6b4b0d3255bfef95601890afd80709' 
2016-06-06 20:20:10 ::  The result is empty, The sql word is :: SELECT * FROM Users WHERE  name='' AND userpass='da39a3ee5e6b4b0d3255bfef95601890afd80709' 
2016-06-06 20:20:10 ::  The result is empty, The sql word is :: SELECT * FROM Users WHERE  name='' AND userpass='da39a3ee5e6b4b0d3255bfef95601890afd80709' 
2016-06-06 20:20:11 ::  The result is empty, The sql word is :: SELECT * FROM Users WHERE  name='' AND userpass='da39a3ee5e6b4b0d3255bfef95601890afd80709' 
2016-06-06 20:20:11 ::  The result is empty, The sql word is :: SELECT * FROM Users WHERE  name='' AND userpass='da39a3ee5e6b4b0d3255bfef95601890afd80709' 
2016-06-08 09:19:52 ::  The result is empty, The sql word is :: SELECT * FROM Users WHERE  name='merjirzo' AND userpass='7c4a8d09ca3762af61e59520943dc26494f8941b' 
2016-06-08 15:01:10 ::  The result is empty, The sql word is :: SELECT stock_id,bar_code FROM inquiry WHERE  status='' 
2016-06-08 15:03:48 ::  The result is empty, The sql word is :: SELECT stock_id,bar_code FROM inquiry WHERE  status='5' 
2016-06-08 15:03:51 ::  The result is empty, The sql word is :: SELECT stock_id,bar_code FROM inquiry WHERE  status='5' 
2016-06-08 15:04:01 ::  The result is empty, The sql word is :: SELECT stock_id,bar_code FROM inquiry WHERE  status='5' 
2016-06-08 15:04:11 ::  The result is empty, The sql word is :: SELECT stock_id,bar_code FROM inquiry WHERE  status='5' 
2016-06-08 15:04:13 ::  The result is empty, The sql word is :: SELECT stock_id,bar_code FROM inquiry WHERE  status='5' 
2016-06-08 15:04:16 ::  The result is empty, The sql word is :: SELECT stock_id,bar_code FROM inquiry WHERE  status='5' 
2016-06-08 15:04:21 ::  The result is empty, The sql word is :: SELECT stock_id,bar_code FROM inquiry WHERE  status='5' 
2016-06-08 15:04:28 ::  The result is empty, The sql word is :: SELECT stock_id,bar_code FROM inquiry WHERE  status='5' 
2016-06-08 15:04:29 ::  The result is empty, The sql word is :: SELECT stock_id,bar_code FROM inquiry WHERE  status='5' 
2016-06-08 15:04:30 ::  The result is empty, The sql word is :: SELECT stock_id,bar_code FROM inquiry WHERE  status='5' 
2016-06-08 15:04:30 ::  The result is empty, The sql word is :: SELECT stock_id,bar_code FROM inquiry WHERE  status='5' 
2016-06-08 15:04:41 ::  The result is empty, The sql word is :: SELECT stock_id,bar_code FROM inquiry WHERE  status='5' 
2016-06-08 15:04:46 ::  The result is empty, The sql word is :: SELECT stock_id,bar_code FROM inquiry WHERE  status='5' 
2016-06-08 15:04:49 ::  The result is empty, The sql word is :: SELECT stock_id,bar_code FROM inquiry WHERE  status='5' 
2016-06-12 20:56:41 ::  The result is empty, The sql word is :: SELECT stock_id,bar_code FROM inquiry WHERE  status='5' 
2016-06-12 20:56:54 ::  The result is empty, The sql word is :: SELECT stock_id,bar_code FROM inquiry WHERE  status='5' 
2016-06-12 20:57:06 ::  The result is empty, The sql word is :: SELECT stock_id,bar_code FROM inquiry WHERE  status='5' 
2016-06-12 21:11:34 ::  The result is empty, The sql word is :: SELECT stock_id,bar_code FROM inquiry WHERE  status='5' 
2016-06-12 21:11:44 ::  The result is empty, The sql word is :: SELECT stock_id,bar_code FROM inquiry WHERE  status='5' 
2016-06-12 21:11:54 ::  The result is empty, The sql word is :: SELECT stock_id,bar_code FROM inquiry WHERE  status='5' 
2016-06-12 21:12:04 ::  The result is empty, The sql word is :: SELECT stock_id,bar_code FROM inquiry WHERE  status='5' 
2016-06-12 21:12:14 ::  The result is empty, The sql word is :: SELECT stock_id,bar_code FROM inquiry WHERE  status='5' 
2016-06-12 21:12:16 ::  The result is empty, The sql word is :: SELECT stock_id,bar_code FROM inquiry WHERE  status='5' 
2016-06-12 21:14:13 ::  The result is empty, The sql word is :: SELECT stock_id,bar_code FROM inquiry WHERE  status='5' 
2016-06-12 21:16:31 ::  The result is empty, The sql word is :: SELECT stock_id,bar_code FROM inquiry WHERE  status='5' 
2016-06-12 21:28:17 ::  The result is empty, The sql word is :: SELECT stock_id,bar_code FROM inquiry WHERE  status='5' 
2016-06-12 21:33:59 ::  The result is empty, The sql word is :: SELECT stock_id,bar_code FROM inquiry WHERE  status='5' 
2016-06-12 21:34:09 ::  The result is empty, The sql word is :: SELECT stock_id,bar_code FROM inquiry WHERE  status='5' 
2016-06-12 21:34:19 ::  The result is empty, The sql word is :: SELECT stock_id,bar_code FROM inquiry WHERE  status='5' 
2016-06-12 21:34:29 ::  The result is empty, The sql word is :: SELECT stock_id,bar_code FROM inquiry WHERE  status='5' 
2016-06-12 21:34:39 ::  The result is empty, The sql word is :: SELECT stock_id,bar_code FROM inquiry WHERE  status='5' 
2016-06-12 21:34:49 ::  The result is empty, The sql word is :: SELECT stock_id,bar_code FROM inquiry WHERE  status='5' 
2016-06-12 21:34:59 ::  The result is empty, The sql word is :: SELECT stock_id,bar_code FROM inquiry WHERE  status='5' 
2016-06-12 21:35:09 ::  The result is empty, The sql word is :: SELECT stock_id,bar_code FROM inquiry WHERE  status='5' 
2016-06-12 21:35:19 ::  The result is empty, The sql word is :: SELECT stock_id,bar_code FROM inquiry WHERE  status='5' 
2016-06-12 21:35:29 ::  The result is empty, The sql word is :: SELECT stock_id,bar_code FROM inquiry WHERE  status='5' 
2016-06-12 21:35:39 ::  The result is empty, The sql word is :: SELECT stock_id,bar_code FROM inquiry WHERE  status='5' 
2016-06-12 21:35:49 ::  The result is empty, The sql word is :: SELECT stock_id,bar_code FROM inquiry WHERE  status='5' 
2016-06-12 21:35:59 ::  The result is empty, The sql word is :: SELECT stock_id,bar_code FROM inquiry WHERE  status='5' 
2016-06-12 21:36:09 ::  The result is empty, The sql word is :: SELECT stock_id,bar_code FROM inquiry WHERE  status='5' 
2016-06-12 21:36:19 ::  The result is empty, The sql word is :: SELECT stock_id,bar_code FROM inquiry WHERE  status='5' 
2016-06-12 21:36:29 ::  The result is empty, The sql word is :: SELECT stock_id,bar_code FROM inquiry WHERE  status='5' 
2016-06-12 21:36:39 ::  The result is empty, The sql word is :: SELECT stock_id,bar_code FROM inquiry WHERE  status='5' 
2016-06-12 21:36:49 ::  The result is empty, The sql word is :: SELECT stock_id,bar_code FROM inquiry WHERE  status='5' 
2016-06-12 21:36:59 ::  The result is empty, The sql word is :: SELECT stock_id,bar_code FROM inquiry WHERE  status='5' 
2016-06-12 21:37:09 ::  The result is empty, The sql word is :: SELECT stock_id,bar_code FROM inquiry WHERE  status='5' 
2016-06-12 21:37:19 ::  The result is empty, The sql word is :: SELECT stock_id,bar_code FROM inquiry WHERE  status='5' 
2016-06-12 21:37:29 ::  The result is empty, The sql word is :: SELECT stock_id,bar_code FROM inquiry WHERE  status='5' 
2016-06-12 21:37:39 ::  The result is empty, The sql word is :: SELECT stock_id,bar_code FROM inquiry WHERE  status='5' 
2016-06-12 21:37:49 ::  The result is empty, The sql word is :: SELECT stock_id,bar_code FROM inquiry WHERE  status='5' 
2016-06-12 21:37:59 ::  The result is empty, The sql word is :: SELECT stock_id,bar_code FROM inquiry WHERE  status='5' 
2016-06-12 21:38:09 ::  The result is empty, The sql word is :: SELECT stock_id,bar_code FROM inquiry WHERE  status='5' 
2016-06-12 21:38:19 ::  The result is empty, The sql word is :: SELECT stock_id,bar_code FROM inquiry WHERE  status='5' 
2016-06-12 21:38:29 ::  The result is empty, The sql word is :: SELECT stock_id,bar_code FROM inquiry WHERE  status='5' 
2016-06-12 21:38:39 ::  The result is empty, The sql word is :: SELECT stock_id,bar_code FROM inquiry WHERE  status='5' 
2016-06-12 21:38:49 ::  The result is empty, The sql word is :: SELECT stock_id,bar_code FROM inquiry WHERE  status='5' 
2016-06-12 21:38:59 ::  The result is empty, The sql word is :: SELECT stock_id,bar_code FROM inquiry WHERE  status='5' 
2016-06-12 21:39:09 ::  The result is empty, The sql word is :: SELECT stock_id,bar_code FROM inquiry WHERE  status='5' 
2016-06-12 21:39:19 ::  The result is empty, The sql word is :: SELECT stock_id,bar_code FROM inquiry WHERE  status='5' 
2016-06-12 21:39:29 ::  The result is empty, The sql word is :: SELECT stock_id,bar_code FROM inquiry WHERE  status='5' 
2016-06-12 21:39:39 ::  The result is empty, The sql word is :: SELECT stock_id,bar_code FROM inquiry WHERE  status='5' 
2016-06-12 21:39:49 ::  The result is empty, The sql word is :: SELECT stock_id,bar_code FROM inquiry WHERE  status='5' 
2016-06-12 21:39:59 ::  The result is empty, The sql word is :: SELECT stock_id,bar_code FROM inquiry WHERE  status='5' 
2016-06-12 21:40:09 ::  The result is empty, The sql word is :: SELECT stock_id,bar_code FROM inquiry WHERE  status='5' 
2016-06-12 21:40:19 ::  The result is empty, The sql word is :: SELECT stock_id,bar_code FROM inquiry WHERE  status='5' 
2016-06-12 21:40:29 ::  The result is empty, The sql word is :: SELECT stock_id,bar_code FROM inquiry WHERE  status='5' 
2016-06-12 21:40:39 ::  The result is empty, The sql word is :: SELECT stock_id,bar_code FROM inquiry WHERE  status='5' 
2016-06-12 21:40:49 ::  The result is empty, The sql word is :: SELECT stock_id,bar_code FROM inquiry WHERE  status='5' 
2016-06-12 21:40:59 ::  The result is empty, The sql word is :: SELECT stock_id,bar_code FROM inquiry WHERE  status='5' 
2016-06-12 21:41:08 ::  The result is empty, The sql word is :: SELECT stock_id,bar_code FROM inquiry WHERE  status='5' 
2016-06-12 21:41:08 ::  The result is empty, The sql word is :: SELECT stock_id,bar_code FROM inquiry WHERE  status='5' 
2016-06-12 21:41:18 ::  The result is empty, The sql word is :: SELECT stock_id,bar_code FROM inquiry WHERE  status='5' 
2016-06-12 21:41:58 ::  The result is empty, The sql word is :: SELECT stock_id,bar_code FROM inquiry WHERE  status='5' 
2016-06-12 21:42:09 ::  The result is empty, The sql word is :: SELECT stock_id,bar_code FROM inquiry WHERE  status='5' 
2016-06-12 21:42:10 ::  The result is empty, The sql word is :: SELECT stock_id,bar_code FROM inquiry WHERE  status='5' 
2016-06-12 21:42:48 ::  The result is empty, The sql word is :: SELECT stock_id,bar_code FROM inquiry WHERE  status='5' 
